log messages to file: C:\DT\UnimacroDoug\src\unimacro\unimacro_test\testresult.txt
starting unittestNatlink

starting tests with threading: 0


--------------- errors -----------------

---------- testGrammarActivateRules (__main__.UnittestDocstringGrammar) --------
Traceback (most recent call last):
  File "<string>", line 217, in testGrammarActivateRules
  File "<string>", line 165, in __init__
  File "C:\Python310-32\lib\site-packages\unimacro\natlinkutilsbj.py", line 3171, in __init__
    self.__inherited.__init__(self, **kw)
  File "C:\Python310-32\lib\site-packages\unimacro\natlinkutilsbj.py", line 1323, in __init__
    self.__inherited.__init__(self)
  File "C:\Python310-32\lib\site-packages\unimacro\natlinkutilsbj.py", line 1036, in __init__
    self.__inherited.__init__(self)
  File "C:\Python310-32\lib\site-packages\unimacro\natlinkutilsbj.py", line 510, in __init__
    self.RegisterGrammarObject()
  File "C:\Python310-32\lib\site-packages\unimacro\natlinkutilsbj.py", line 528, in RegisterGrammarObject
    self.__class__.allGrammarXObjects[self.name] = self
AttributeError: 'TestGrammar' object has no attribute 'name'

---------- testGrammarNumberFunctions (__main__.UnittestDocstringGrammar) --------
Traceback (most recent call last):
  File "<string>", line 379, in testGrammarNumberFunctions
  File "<string>", line 369, in doTestNumbersRecognition
  File "<string>", line 359, in checkExperiment
AttributeError: 'TestGrammar' object has no attribute 'numresult'

--------------- failures -----------------
